<?xml version="1.0" encoding="UTF-8"?>
<!-- Generated by org.testng.reporters.JUnitReportReporter -->
<testsuite hostname="Rafias-MacBook-Air.local" failures="0" tests="13" name="tests.SearchHotel" time="35.231" errors="0" timestamp="2022-04-01T11:47:19 BDT" skipped="0">
  <testcase classname="tests.SearchHotel" name="clickonhotel" time="3.172"/>
  <system-out/>
  <testcase classname="tests.SearchHotel" name="clickonsearchfield" time="0.564"/>
  <system-out/>
  <testcase classname="tests.SearchHotel" name="sendcountryname" time="1.244"/>
  <system-out/>
  <testcase classname="tests.SearchHotel" name="selectcountryname" time="10.250"/>
  <system-out/>
  <testcase classname="tests.SearchHotel" name="printheading" time="2.157"/>
  <system-out/>
  <testcase classname="tests.SearchHotel" name="clickCheckindate" time="0.973"/>
  <system-out/>
  <testcase classname="tests.SearchHotel" name="clickCheckoutdate" time="2.479"/>
  <system-out/>
  <testcase classname="tests.SearchHotel" name="increasechild" time="3.229"/>
  <system-out/>
  <testcase classname="tests.SearchHotel" name="clickAgedropdown" time="2.303"/>
  <system-out/>
  <testcase classname="tests.SearchHotel" name="selectAge" time="0.169"/>
  <system-out/>
  <testcase classname="tests.SearchHotel" name="update_button" time="2.304"/>
  <system-out/>
  <testcase classname="tests.SearchHotel" name="clickHotelclass" time="6.309"/>
  <system-out/>
  <testcase classname="tests.SearchHotel" name="printHotelname" time="0.078"/>
  <system-out/>
</testsuite> <!-- tests.SearchHotel -->
